mode: set
github.com/w33h/Productivity-Tracker-API/business/todos/service.go:35.90,41.2 1 1
github.com/w33h/Productivity-Tracker-API/business/todos/service.go:43.103,45.16 2 1
github.com/w33h/Productivity-Tracker-API/business/todos/service.go:49.2,50.16 2 1
github.com/w33h/Productivity-Tracker-API/business/todos/service.go:54.2,57.16 3 1
github.com/w33h/Productivity-Tracker-API/business/todos/service.go:61.2,61.16 1 1
github.com/w33h/Productivity-Tracker-API/business/todos/service.go:45.16,47.3 1 1
github.com/w33h/Productivity-Tracker-API/business/todos/service.go:50.16,52.3 1 1
github.com/w33h/Productivity-Tracker-API/business/todos/service.go:57.16,59.3 1 1
github.com/w33h/Productivity-Tracker-API/business/todos/service.go:64.92,66.16 2 1
github.com/w33h/Productivity-Tracker-API/business/todos/service.go:70.2,71.16 2 1
github.com/w33h/Productivity-Tracker-API/business/todos/service.go:75.2,78.16 3 1
github.com/w33h/Productivity-Tracker-API/business/todos/service.go:82.2,82.12 1 1
github.com/w33h/Productivity-Tracker-API/business/todos/service.go:66.16,68.3 1 1
github.com/w33h/Productivity-Tracker-API/business/todos/service.go:71.16,73.3 1 1
github.com/w33h/Productivity-Tracker-API/business/todos/service.go:78.16,80.3 1 1
github.com/w33h/Productivity-Tracker-API/business/todos/service.go:85.57,87.16 2 1
github.com/w33h/Productivity-Tracker-API/business/todos/service.go:91.2,91.12 1 1
github.com/w33h/Productivity-Tracker-API/business/todos/service.go:87.16,89.3 1 1
github.com/w33h/Productivity-Tracker-API/business/todos/service.go:94.75,96.16 2 1
github.com/w33h/Productivity-Tracker-API/business/todos/service.go:100.2,100.18 1 1
github.com/w33h/Productivity-Tracker-API/business/todos/service.go:96.16,98.3 1 1
github.com/w33h/Productivity-Tracker-API/business/todos/service.go:103.74,105.16 2 1
github.com/w33h/Productivity-Tracker-API/business/todos/service.go:109.2,109.65 1 1
github.com/w33h/Productivity-Tracker-API/business/todos/service.go:113.2,113.18 1 1
github.com/w33h/Productivity-Tracker-API/business/todos/service.go:105.16,107.3 1 1
github.com/w33h/Productivity-Tracker-API/business/todos/service.go:109.65,111.3 1 0
github.com/w33h/Productivity-Tracker-API/business/todos/service.go:116.74,118.16 2 1
github.com/w33h/Productivity-Tracker-API/business/todos/service.go:122.2,122.18 1 1
github.com/w33h/Productivity-Tracker-API/business/todos/service.go:118.16,120.3 1 1
github.com/w33h/Productivity-Tracker-API/business/todos/service.go:125.73,126.18 1 1
github.com/w33h/Productivity-Tracker-API/business/todos/service.go:130.2,130.12 1 1
github.com/w33h/Productivity-Tracker-API/business/todos/service.go:126.18,128.3 1 0
github.com/w33h/Productivity-Tracker-API/business/todos/todos.go:22.22,33.2 1 1
github.com/w33h/Productivity-Tracker-API/business/todos/todos.go:35.62,45.2 1 1
github.com/w33h/Productivity-Tracker-API/business/users/service.go:27.54,32.2 1 1
github.com/w33h/Productivity-Tracker-API/business/users/service.go:34.67,37.16 2 1
github.com/w33h/Productivity-Tracker-API/business/users/service.go:41.2,41.18 1 1
github.com/w33h/Productivity-Tracker-API/business/users/service.go:37.16,39.3 1 1
github.com/w33h/Productivity-Tracker-API/business/users/service.go:44.88,47.16 2 1
github.com/w33h/Productivity-Tracker-API/business/users/service.go:51.2,55.16 3 1
github.com/w33h/Productivity-Tracker-API/business/users/service.go:59.2,59.18 1 1
github.com/w33h/Productivity-Tracker-API/business/users/service.go:47.16,49.3 1 1
github.com/w33h/Productivity-Tracker-API/business/users/service.go:55.16,57.3 1 1
github.com/w33h/Productivity-Tracker-API/business/users/service.go:62.87,64.16 2 1
github.com/w33h/Productivity-Tracker-API/business/users/service.go:68.2,69.16 2 1
github.com/w33h/Productivity-Tracker-API/business/users/service.go:73.2,76.16 3 1
github.com/w33h/Productivity-Tracker-API/business/users/service.go:80.2,80.12 1 1
github.com/w33h/Productivity-Tracker-API/business/users/service.go:64.16,66.3 1 1
github.com/w33h/Productivity-Tracker-API/business/users/service.go:69.16,71.3 1 1
github.com/w33h/Productivity-Tracker-API/business/users/service.go:76.16,78.3 1 1
github.com/w33h/Productivity-Tracker-API/business/users/service.go:83.57,86.16 2 1
github.com/w33h/Productivity-Tracker-API/business/users/service.go:90.2,90.12 1 1
github.com/w33h/Productivity-Tracker-API/business/users/service.go:86.16,88.3 1 1
github.com/w33h/Productivity-Tracker-API/business/users/users.go:22.27,33.2 1 1
github.com/w33h/Productivity-Tracker-API/business/users/users.go:39.9,50.2 1 1
